<?xml version="1.0" encoding="UTF-8"?>
<!-- Generated by org.testng.reporters.JUnitReportReporter -->
<testsuite hostname="LAPTOP-52LETVGJ" failures="0" tests="6" name="com.datadriven.test.DataDrivenTest" time="50.933" errors="0" timestamp="2020-12-07T00:18:18 EST" skipped="0">
  <testcase classname="com.datadriven.test.DataDrivenTest" name="OrangeHrmLoginTest" time="8.986"/>
  <system-out/>
  <testcase classname="com.datadriven.test.DataDrivenTest" name="OrangeHrmLoginTest" time="7.837"/>
  <system-out/>
  <testcase classname="com.datadriven.test.DataDrivenTest" name="OrangeHrmLoginTest" time="8.424"/>
  <system-out/>
  <testcase classname="com.datadriven.test.DataDrivenTest" name="OrangeHrmLoginTest" time="8.790"/>
  <system-out/>
  <testcase classname="com.datadriven.test.DataDrivenTest" name="OrangeHrmLoginTest" time="7.863"/>
  <system-out/>
  <testcase classname="com.datadriven.test.DataDrivenTest" name="OrangeHrmLoginTest" time="9.033"/>
  <system-out/>
</testsuite> <!-- com.datadriven.test.DataDrivenTest -->
